<?xml version="1.0" encoding="UTF-8"?>
<testsuite name="com.example.FailureTest" tests="2" failures="1" errors="1">
  <testcase classname="com.example.FailureTest" name="testFailure" time="0.100">
    <failure message="expected true" type="java.lang.AssertionError">
java.lang.AssertionError: expected true
  at com.example.FailureTest.testFailure(FailureTest.java:42)
    </failure>
  </testcase>
  <testcase classname="com.example.FailureTest" name="testError">
    <error message="boom" type="java.lang.RuntimeException">
java.lang.RuntimeException: boom
  at com.example.FailureTest.testError(FailureTest.java:99)
    </error>
  </testcase>
</testsuite>
